<?xml version="1.0" encoding="UTF-8"?>
<!-- Generated by org.testng.reporters.JUnitXMLReporter -->
<testsuite ignored="0" hostname="SKL-ZLATK-GEORG" failures="1" tests="5" name="Functional Testing" time="0.093" errors="0" timestamp="2024-10-16T16:21:28 CEST">
  <testcase classname="uiTestNG.GroupsDemoTest" name="aTest1" time="0.01"/>
  <testcase classname="uiTestNG.GroupsDemoTest" name="bTest2" time="0.014">
    <failure type="java.lang.AssertionError" message="expected [true] but found [false]">
      <![CDATA[java.lang.AssertionError: expected [true] but found [false]
at uiTestNG.GroupsDemoTest.bTest2(GroupsDemoTest.java:43)
at java.base/java.util.ArrayList.forEach(ArrayList.java:1511)
... Removed 31 stack frames]]>
    </failure>
  </testcase> <!-- bTest2 -->
  <testcase classname="uiTestNG.GroupsDemoTest" name="bTest3" time="0.0"/>
  <testcase classname="uiTestNG.GroupsDemoTest" name="bTest4" time="0.001"/>
  <testcase classname="uiTestNG.GroupsDemoTest" name="bTest5" time="0.001"/>
</testsuite> <!-- Functional Testing -->
